<?xml version="1.0" encoding="UTF-8"?>
<!-- Generated by org.testng.reporters.JUnitReportReporter -->
<testsuite hostname="Gayathri-GoEmed" failures="0" tests="1" name="tests.Class2" time="0.002" errors="0" timestamp="2021-07-15T09:58:50 CDT" skipped="0">
  <testcase classname="tests.Class2" name="test4" time="0.002"/>
  <system-out/>
</testsuite> <!-- tests.Class2 -->
