<?xml version="1.0" encoding="UTF-8"?>
<!-- Generated by org.testng.reporters.JUnitReportReporter -->
<testsuite hostname="Gayathri-GoEmed" failures="0" tests="1" name="tests.Class1" time="0.014" errors="0" timestamp="2021-07-15T09:58:50 CDT" skipped="0">
  <testcase classname="tests.Class1" name="test2" time="0.014"/>
  <system-out/>
</testsuite> <!-- tests.Class1 -->
