<?xml version="1.0" encoding="UTF-8"?>
<!-- Generated by org.testng.reporters.JUnitReportReporter -->
<testsuite hostname="Gayathri-GoEmed" failures="0" tests="1" name="tests.LoginLogoutTest" time="14.658" errors="0" timestamp="2021-07-15T10:12:46 CDT" skipped="0">
  <testcase classname="tests.LoginLogoutTest" name="LoginLogout" time="14.658"/>
  <system-out/>
</testsuite> <!-- tests.LoginLogoutTest -->
